<?xml version="1.0" encoding="UTF-8"?>
<!-- Generated by org.testng.reporters.JUnitReportReporter -->
<testsuite hostname="DESKTOP-R408AKF" name="com.mycompany.app.EasyBuyTest" tests="2" failures="0" timestamp="7 Jan 2020 06:30:53 GMT" time="0.008" errors="0">
  <testcase name="first" time="0.008" classname="com.mycompany.app.EasyBuyTest"/>
  <testcase name="second" time="0.000" classname="com.mycompany.app.EasyBuyTest"/>
</testsuite> <!-- com.mycompany.app.EasyBuyTest -->
