<?xml version="1.0" encoding="UTF-8"?>
<!-- Generated by org.testng.reporters.JUnitReportReporter -->
<testsuite skipped="0" hostname="DESKTOP-R408AKF" name="com.mycompany.app.EasyBuy" tests="2" failures="0" timestamp="07 Jan 2020 06:15:45 GMT" time="0.011" errors="0">
  <testcase name="first" time="0.010" classname="com.mycompany.app.EasyBuy"/>
  <testcase name="second" time="0.001" classname="com.mycompany.app.EasyBuy"/>
</testsuite> <!-- com.mycompany.app.EasyBuy -->
