<?xml version="1.0" encoding="UTF-8"?>
<!-- Generated by org.testng.reporters.JUnitReportReporter -->
<testsuite hostname="DESKTOP-R408AKF" name="com.mycompany.app.SmokeTest" tests="2" failures="0" timestamp="7 Jan 2020 06:52:24 GMT" time="0.014" errors="0">
  <testcase name="smoke2" time="0.001" classname="com.mycompany.app.SmokeTest"/>
  <testcase name="smoke1" time="0.013" classname="com.mycompany.app.SmokeTest"/>
</testsuite> <!-- com.mycompany.app.SmokeTest -->
