<?xml version="1.0" encoding="UTF-8"?>
<!-- Generated by org.testng.reporters.JUnitReportReporter -->
<testsuite hostname="DESKTOP-R408AKF" name="com.mycompany.app.EasyBuyTest" tests="1" failures="0" timestamp="7 Jan 2020 06:32:56 GMT" time="0.007" errors="0">
  <testcase name="first" time="0.007" classname="com.mycompany.app.EasyBuyTest"/>
</testsuite> <!-- com.mycompany.app.EasyBuyTest -->
